2021-02-21 19:42:56.893 +02:00 [INF] Now listening on: http://localhost:5000
2021-02-21 19:42:57.034 +02:00 [INF] Application started. Press Ctrl+C to shut down.
2021-02-21 19:42:57.035 +02:00 [INF] Hosting environment: Development
2021-02-21 19:42:57.037 +02:00 [INF] Content root path: C:\Users\Dennis\source\PMAcademy\HW-9\WebApplication\WebApplication
2021-02-21 19:42:57.966 +02:00 [INF] Request starting HTTP/1.1 GET http://localhost:5000/  
2021-02-21 19:42:58.036 +02:00 [INF] Executing endpoint '/ HTTP: GET'
2021-02-21 19:42:58.076 +02:00 [INF] Executed endpoint '/ HTTP: GET'
2021-02-21 19:42:58.081 +02:00 [INF] Request finished in 122.6549ms 200 
2021-02-21 19:42:59.013 +02:00 [INF] Request starting HTTP/1.1 GET http://localhost:5000/favicon.ico  
2021-02-21 19:42:59.016 +02:00 [INF] Request finished in 3.8251ms 404 
2021-02-21 19:44:51.335 +02:00 [INF] Application is shutting down...
2021-02-21 21:42:31.635 +02:00 [INF] Now listening on: http://localhost:5000
2021-02-21 21:42:31.671 +02:00 [INF] Application started. Press Ctrl+C to shut down.
2021-02-21 21:42:31.672 +02:00 [INF] Hosting environment: Development
2021-02-21 21:42:31.674 +02:00 [INF] Content root path: C:\Users\Dennis\source\PMAcademy\HW-9\WebApplication\WebApplication
2021-02-21 21:42:32.985 +02:00 [INF] Request starting HTTP/1.1 GET http://localhost:5000/  
2021-02-21 21:42:33.035 +02:00 [INF] Executing endpoint '/ HTTP: GET'
2021-02-21 21:42:33.057 +02:00 [INF] Executed endpoint '/ HTTP: GET'
2021-02-21 21:42:33.062 +02:00 [INF] Request finished in 80.1864ms 200 
2021-02-21 21:42:47.206 +02:00 [INF] Application is shutting down...
2021-02-21 22:07:50.688 +02:00 [INF] Now listening on: http://localhost:5000
2021-02-21 22:07:50.789 +02:00 [INF] Application started. Press Ctrl+C to shut down.
2021-02-21 22:07:50.795 +02:00 [INF] Hosting environment: Development
2021-02-21 22:07:50.797 +02:00 [INF] Content root path: C:\Users\Dennis\source\PMAcademy\HW-9\WebApplication\WebApplication
2021-02-21 22:07:52.034 +02:00 [INF] Request starting HTTP/1.1 GET http://localhost:5000/  
2021-02-21 22:07:52.121 +02:00 [INF] Executing endpoint '/ HTTP: GET'
2021-02-21 22:07:52.145 +02:00 [INF] Executed endpoint '/ HTTP: GET'
2021-02-21 22:07:52.163 +02:00 [INF] Request finished in 134.9995ms 200 
2021-02-21 22:39:17.042 +02:00 [INF] Now listening on: http://localhost:5000
2021-02-21 22:39:17.076 +02:00 [INF] Application started. Press Ctrl+C to shut down.
2021-02-21 22:39:17.077 +02:00 [INF] Hosting environment: Development
2021-02-21 22:39:17.079 +02:00 [INF] Content root path: C:\Users\Dennis\source\PMAcademy\HW-9\WebApplication\WebApplication
2021-02-21 22:39:18.478 +02:00 [INF] Request starting HTTP/1.1 GET http://localhost:5000/  
2021-02-21 22:39:18.671 +02:00 [INF] Executing endpoint '/ HTTP: GET'
2021-02-21 22:39:18.728 +02:00 [INF] Executed endpoint '/ HTTP: GET'
2021-02-21 22:39:18.744 +02:00 [INF] Request finished in 282.8397ms 200 
2021-02-21 22:39:26.775 +02:00 [INF] Request starting HTTP/1.1 GET http://localhost:5000/primes  
2021-02-21 22:39:26.778 +02:00 [INF] Executing endpoint '/primes HTTP: GET'
2021-02-21 22:39:26.801 +02:00 [INF] BadRequest
2021-02-21 22:39:26.803 +02:00 [INF] Executed endpoint '/primes HTTP: GET'
2021-02-21 22:39:26.806 +02:00 [INF] Request finished in 30.5068ms 400 
2021-02-21 22:40:05.009 +02:00 [INF] Request starting HTTP/1.1 GET http://localhost:5000/primes?from=3&to=9  
2021-02-21 22:40:05.012 +02:00 [INF] Executing endpoint '/primes HTTP: GET'
2021-02-21 22:40:05.027 +02:00 [INF] 
2021-02-21 22:40:05.028 +02:00 [INF] Executed endpoint '/primes HTTP: GET'
2021-02-21 22:40:05.030 +02:00 [INF] Request finished in 21.0598ms 200 
2021-02-21 22:40:45.298 +02:00 [INF] Request starting HTTP/1.1 GET http://localhost:5000/primes?from=1&to=9  
2021-02-21 22:40:45.302 +02:00 [INF] Executing endpoint '/primes HTTP: GET'
2021-02-21 22:40:45.305 +02:00 [INF] 2
2021-02-21 22:40:45.308 +02:00 [INF] Executed endpoint '/primes HTTP: GET'
2021-02-21 22:40:45.310 +02:00 [INF] Request finished in 13.4913ms 200 
2021-02-21 22:40:51.987 +02:00 [INF] Request starting HTTP/1.1 GET http://localhost:5000/primes?from=asfd&to=9  
2021-02-21 22:40:51.994 +02:00 [INF] Executing endpoint '/primes HTTP: GET'
2021-02-21 22:40:51.997 +02:00 [INF] BadRequest
2021-02-21 22:40:52.000 +02:00 [INF] Executed endpoint '/primes HTTP: GET'
2021-02-21 22:40:52.003 +02:00 [INF] Request finished in 15.1838ms 400 
2021-02-21 22:43:01.931 +02:00 [INF] Application is shutting down...
2021-02-21 22:43:46.380 +02:00 [INF] Now listening on: http://localhost:5000
2021-02-21 22:43:46.421 +02:00 [INF] Application started. Press Ctrl+C to shut down.
2021-02-21 22:43:46.423 +02:00 [INF] Hosting environment: Development
2021-02-21 22:43:46.425 +02:00 [INF] Content root path: C:\Users\Dennis\source\PMAcademy\HW-9\WebApplication\WebApplication
2021-02-21 22:43:47.569 +02:00 [INF] Request starting HTTP/1.1 GET http://localhost:5000/  
2021-02-21 22:43:47.697 +02:00 [INF] Executing endpoint '/ HTTP: GET'
2021-02-21 22:43:47.721 +02:00 [INF] Executed endpoint '/ HTTP: GET'
2021-02-21 22:43:47.732 +02:00 [INF] Request finished in 169.8937ms 200 
2021-02-21 22:43:53.814 +02:00 [INF] Request starting HTTP/1.1 GET http://localhost:5000/primes?from=3&to=9  
2021-02-21 22:43:53.818 +02:00 [INF] Executing endpoint '/primes HTTP: GET'
2021-02-21 22:43:53.829 +02:00 [INF] 3 5 7
2021-02-21 22:43:53.831 +02:00 [INF] Executed endpoint '/primes HTTP: GET'
2021-02-21 22:43:53.836 +02:00 [INF] Request finished in 21.732ms 200 
2021-02-21 22:44:12.069 +02:00 [INF] Request starting HTTP/1.1 GET http://localhost:5000/primes?from=1&to=9  
2021-02-21 22:44:12.074 +02:00 [INF] Executing endpoint '/primes HTTP: GET'
2021-02-21 22:44:12.077 +02:00 [INF] 2 3 5 7
2021-02-21 22:44:12.079 +02:00 [INF] Executed endpoint '/primes HTTP: GET'
2021-02-21 22:44:12.083 +02:00 [INF] Request finished in 14.3696ms 200 
2021-02-21 22:44:24.895 +02:00 [INF] Request starting HTTP/1.1 GET http://localhost:5000/primes?from=-11&to=9  
2021-02-21 22:44:24.898 +02:00 [INF] Executing endpoint '/primes HTTP: GET'
2021-02-21 22:44:24.901 +02:00 [INF] 2 3 5 7
2021-02-21 22:44:24.903 +02:00 [INF] Executed endpoint '/primes HTTP: GET'
2021-02-21 22:44:24.905 +02:00 [INF] Request finished in 11.5673ms 200 
2021-02-21 22:44:35.655 +02:00 [INF] Request starting HTTP/1.1 GET http://localhost:5000/primes?from=fsad&to=9  
2021-02-21 22:44:35.657 +02:00 [INF] Executing endpoint '/primes HTTP: GET'
2021-02-21 22:44:35.660 +02:00 [INF] BadRequest
2021-02-21 22:44:35.662 +02:00 [INF] Executed endpoint '/primes HTTP: GET'
2021-02-21 22:44:35.669 +02:00 [INF] Request finished in 15.4357ms 400 
2021-02-21 22:46:45.507 +02:00 [INF] Application is shutting down...
2021-02-21 23:43:14.979 +02:00 [INF] Now listening on: http://localhost:5000
2021-02-21 23:43:15.053 +02:00 [INF] Application started. Press Ctrl+C to shut down.
2021-02-21 23:43:15.054 +02:00 [INF] Hosting environment: Development
2021-02-21 23:43:15.056 +02:00 [INF] Content root path: C:\Users\Dennis\source\PMAcademy\HW-9\WebApplication\WebApplication
2021-02-21 23:43:16.342 +02:00 [INF] Request starting HTTP/1.1 GET http://localhost:5000/  
2021-02-21 23:43:16.424 +02:00 [INF] Executing endpoint '/ HTTP: GET'
2021-02-21 23:43:16.433 +02:00 [INF] Get "/", printing project info
2021-02-21 23:43:16.450 +02:00 [INF] Executed endpoint '/ HTTP: GET'
2021-02-21 23:43:16.455 +02:00 [INF] Request finished in 118.8733ms 200 
2021-02-21 23:43:32.454 +02:00 [INF] Request starting HTTP/1.1 GET http://localhost:5000/primes?from=1&to=9  
2021-02-21 23:43:32.457 +02:00 [INF] Executing endpoint '/primes HTTP: GET'
2021-02-21 23:43:32.462 +02:00 [INF] Get "/primes", getting parametres
2021-02-21 23:43:32.465 +02:00 [INF] Got paramtres form "/primes" => from=1, to=9
2021-02-21 23:43:32.472 +02:00 [INF] Primes: 2 3 5 7
2021-02-21 23:43:32.474 +02:00 [INF] Executed endpoint '/primes HTTP: GET'
2021-02-21 23:43:32.476 +02:00 [INF] Request finished in 22.52ms 200 
2021-02-21 23:44:07.021 +02:00 [INF] Request starting HTTP/1.1 GET http://localhost:5000/primes/4  
2021-02-21 23:44:07.028 +02:00 [INF] Executing endpoint '/primes/{number:int} HTTP: GET'
2021-02-21 23:44:07.033 +02:00 [INF] Get parameter from "/primes/4
2021-02-21 23:44:07.036 +02:00 [INF] 404code. Status: NotFound, a number => 4 isn't prime
2021-02-21 23:44:07.038 +02:00 [INF] Executed endpoint '/primes/{number:int} HTTP: GET'
2021-02-21 23:44:07.041 +02:00 [INF] Request finished in 23.505ms 404 
2021-02-21 23:45:32.108 +02:00 [INF] Request starting HTTP/1.1 GET http://localhost:5000/primes/3  
2021-02-21 23:45:32.112 +02:00 [INF] Executing endpoint '/primes/{number:int} HTTP: GET'
2021-02-21 23:45:32.116 +02:00 [INF] Get parameter from "/primes/3
2021-02-21 23:45:32.118 +02:00 [INF] 200code. Status: OK, a number => 3 is prime
2021-02-21 23:45:32.120 +02:00 [INF] Executed endpoint '/primes/{number:int} HTTP: GET'
2021-02-21 23:45:32.137 +02:00 [INF] Request finished in 29.1943ms 200 
2021-02-21 23:46:07.398 +02:00 [INF] Request starting HTTP/1.1 GET http://localhost:5000/primes/  
2021-02-21 23:46:07.401 +02:00 [INF] Executing endpoint '/primes HTTP: GET'
2021-02-21 23:46:07.405 +02:00 [INF] Get "/primes", getting parametres
2021-02-21 23:46:07.406 +02:00 [INF] 400code. Status: BadRequest
2021-02-21 23:46:07.408 +02:00 [INF] Executed endpoint '/primes HTTP: GET'
2021-02-21 23:46:07.414 +02:00 [INF] Request finished in 16.3544ms 400 
2021-02-21 23:46:12.530 +02:00 [INF] Request starting HTTP/1.1 GET http://localhost:5000/primes  
2021-02-21 23:46:12.533 +02:00 [INF] Executing endpoint '/primes HTTP: GET'
2021-02-21 23:46:12.535 +02:00 [INF] Get "/primes", getting parametres
2021-02-21 23:46:12.580 +02:00 [INF] 400code. Status: BadRequest
2021-02-21 23:46:12.585 +02:00 [INF] Executed endpoint '/primes HTTP: GET'
2021-02-21 23:46:12.599 +02:00 [INF] Request finished in 71.6539ms 400 
2021-02-21 23:46:45.165 +02:00 [INF] Application is shutting down...
2021-02-21 23:57:41.428 +02:00 [INF] Now listening on: http://localhost:5000
2021-02-21 23:57:41.528 +02:00 [INF] Application started. Press Ctrl+C to shut down.
2021-02-21 23:57:41.538 +02:00 [INF] Hosting environment: Development
2021-02-21 23:57:41.576 +02:00 [INF] Content root path: C:\Users\Dennis\source\PMAcademy\HW-9\WebApplication\WebApplication
2021-02-21 23:57:42.747 +02:00 [INF] Request starting HTTP/1.1 GET http://localhost:5000/  
2021-02-21 23:57:42.844 +02:00 [INF] Executing endpoint '/ HTTP: GET'
2021-02-21 23:57:42.853 +02:00 [INF] Get "/", printing project info
2021-02-21 23:57:42.893 +02:00 [INF] Executed endpoint '/ HTTP: GET'
2021-02-21 23:57:42.945 +02:00 [INF] Request finished in 204.4446ms 200 
2021-02-21 23:57:54.551 +02:00 [INF] Request starting HTTP/1.1 GET http://localhost:5000/primes?from=-11&to=1  
2021-02-21 23:57:54.554 +02:00 [INF] Executing endpoint '/primes HTTP: GET'
2021-02-21 23:57:54.559 +02:00 [INF] Get "/primes", getting parametres
2021-02-21 23:57:54.561 +02:00 [INF] Got paramtres form "/primes" => from=-11, to=1
2021-02-21 23:57:54.572 +02:00 [INF] Primes: 
2021-02-21 23:57:54.574 +02:00 [INF] Executed endpoint '/primes HTTP: GET'
2021-02-21 23:57:54.577 +02:00 [INF] Request finished in 25.7568ms 200 
2021-02-21 23:58:47.514 +02:00 [INF] Now listening on: http://localhost:5000
2021-02-21 23:58:47.555 +02:00 [INF] Application started. Press Ctrl+C to shut down.
2021-02-21 23:58:47.557 +02:00 [INF] Hosting environment: Development
2021-02-21 23:58:47.558 +02:00 [INF] Content root path: C:\Users\Dennis\source\PMAcademy\HW-9\WebApplication\WebApplication
2021-02-21 23:58:49.193 +02:00 [INF] Request starting HTTP/1.1 GET http://localhost:5000/  
2021-02-21 23:58:49.317 +02:00 [INF] Executing endpoint '/ HTTP: GET'
2021-02-21 23:58:49.328 +02:00 [INF] Get "/", printing project info
2021-02-21 23:58:49.357 +02:00 [INF] Executed endpoint '/ HTTP: GET'
2021-02-21 23:58:49.368 +02:00 [INF] Request finished in 180.0504ms 200 
2021-02-21 23:58:54.864 +02:00 [INF] Request starting HTTP/1.1 GET http://localhost:5000/primes?from=1&to=9  
2021-02-21 23:58:54.870 +02:00 [INF] Executing endpoint '/primes HTTP: GET'
2021-02-21 23:58:54.875 +02:00 [INF] Get "/primes", getting parametres
2021-02-21 23:58:54.876 +02:00 [INF] Got paramtres form "/primes" => from=1, to=9
2021-02-21 23:58:54.885 +02:00 [INF] Primes: 2 3 5 7
2021-02-21 23:58:54.887 +02:00 [INF] Executed endpoint '/primes HTTP: GET'
2021-02-21 23:58:54.889 +02:00 [INF] Request finished in 25.3336ms 200 
2021-02-21 23:59:01.450 +02:00 [INF] Request starting HTTP/1.1 GET http://localhost:5000/primes?from=-11&to=1  
2021-02-21 23:59:01.452 +02:00 [INF] Executing endpoint '/primes HTTP: GET'
2021-02-21 23:59:01.456 +02:00 [INF] Get "/primes", getting parametres
2021-02-21 23:59:01.461 +02:00 [INF] Got paramtres form "/primes" => from=-11, to=1
2021-02-21 23:59:01.463 +02:00 [INF] Primes: 
2021-02-21 23:59:01.465 +02:00 [INF] Executed endpoint '/primes HTTP: GET'
2021-02-21 23:59:01.467 +02:00 [INF] Request finished in 17.8711ms 200 
2021-02-22 10:22:49.869 +02:00 [INF] Now listening on: http://localhost:5000
2021-02-22 10:22:49.926 +02:00 [INF] Application started. Press Ctrl+C to shut down.
2021-02-22 10:22:49.942 +02:00 [INF] Hosting environment: Development
2021-02-22 10:22:49.952 +02:00 [INF] Content root path: C:\Users\Dennis\source\PMAcademy\HW-9\WebApplication\WebApplication
2021-02-22 10:22:51.632 +02:00 [INF] Request starting HTTP/1.1 GET http://localhost:5000/  
2021-02-22 10:22:51.727 +02:00 [INF] Executing endpoint '/ HTTP: GET'
2021-02-22 10:22:51.734 +02:00 [INF] Get "/", printing project info
2021-02-22 10:22:51.772 +02:00 [INF] Executed endpoint '/ HTTP: GET'
2021-02-22 10:22:51.777 +02:00 [INF] Request finished in 149.6361ms 200 
2021-02-22 10:22:52.752 +02:00 [INF] Request starting HTTP/1.1 GET http://localhost:5000/favicon.ico  
2021-02-22 10:22:52.754 +02:00 [INF] Request finished in 2.1136ms 404 
2021-02-22 10:23:03.887 +02:00 [INF] Request starting HTTP/1.1 GET http://localhost:5000//  
2021-02-22 10:23:03.910 +02:00 [INF] Request finished in 23.4828ms 404 
2021-02-22 10:23:03.956 +02:00 [INF] Request starting HTTP/1.1 GET http://localhost:5000//primes/7  
2021-02-22 10:23:03.959 +02:00 [INF] Request finished in 2.9768ms 404 
2021-02-22 10:23:03.967 +02:00 [INF] Request starting HTTP/1.1 GET http://localhost:5000//primes/9  
2021-02-22 10:23:03.968 +02:00 [INF] Request finished in 1.5779ms 404 
2021-02-22 10:23:03.972 +02:00 [INF] Request starting HTTP/1.1 GET http://localhost:5000//primes?from=2&to=8  
2021-02-22 10:23:03.973 +02:00 [INF] Request finished in 1.8854ms 404 
2021-02-22 10:23:03.977 +02:00 [INF] Request starting HTTP/1.1 GET http://localhost:5000//primes?from=-12&to=-1  
2021-02-22 10:23:03.979 +02:00 [INF] Request finished in 1.2783ms 404 
2021-02-22 10:23:03.981 +02:00 [INF] Request starting HTTP/1.1 GET http://localhost:5000//primes?to=sfdsg  
2021-02-22 10:23:03.982 +02:00 [INF] Request finished in 1.4284ms 404 
2021-02-22 10:24:08.909 +02:00 [INF] Request starting HTTP/1.1 GET http://localhost:5000/  
2021-02-22 10:24:08.912 +02:00 [INF] Executing endpoint '/ HTTP: GET'
2021-02-22 10:24:08.922 +02:00 [INF] Get "/", printing project info
2021-02-22 10:24:08.932 +02:00 [INF] Executed endpoint '/ HTTP: GET'
2021-02-22 10:24:08.936 +02:00 [INF] Request finished in 27.0356ms 200 
2021-02-22 10:24:08.987 +02:00 [INF] Request starting HTTP/1.1 GET http://localhost:5000//primes/7  
2021-02-22 10:24:08.988 +02:00 [INF] Request finished in 1.864ms 404 
2021-02-22 10:24:09.014 +02:00 [INF] Request starting HTTP/1.1 GET http://localhost:5000//primes/9  
2021-02-22 10:24:09.016 +02:00 [INF] Request finished in 2.3196ms 404 
2021-02-22 10:24:09.023 +02:00 [INF] Request starting HTTP/1.1 GET http://localhost:5000//primes?from=2&to=8  
2021-02-22 10:24:09.026 +02:00 [INF] Request finished in 3.3711ms 404 
2021-02-22 10:24:09.029 +02:00 [INF] Request starting HTTP/1.1 GET http://localhost:5000//primes?from=-12&to=-1  
2021-02-22 10:24:09.034 +02:00 [INF] Request finished in 5.0431ms 404 
2021-02-22 10:24:09.037 +02:00 [INF] Request starting HTTP/1.1 GET http://localhost:5000//primes?to=sfdsg  
2021-02-22 10:24:09.040 +02:00 [INF] Request finished in 3.1335ms 404 
2021-02-22 10:24:54.942 +02:00 [INF] Request starting HTTP/1.1 GET http://localhost:5000/  
2021-02-22 10:24:54.969 +02:00 [INF] Executing endpoint '/ HTTP: GET'
2021-02-22 10:24:55.029 +02:00 [INF] Get "/", printing project info
2021-02-22 10:24:55.041 +02:00 [INF] Executed endpoint '/ HTTP: GET'
2021-02-22 10:24:55.085 +02:00 [INF] Request finished in 143.3207ms 200 
2021-02-22 10:24:55.130 +02:00 [INF] Request starting HTTP/1.1 GET http://localhost:5000/primes/7  
2021-02-22 10:24:55.135 +02:00 [INF] Executing endpoint '/primes/{number:int} HTTP: GET'
2021-02-22 10:24:55.145 +02:00 [INF] Get parameter from "/primes/7
2021-02-22 10:24:55.149 +02:00 [INF] 200 code. Status: OK, a number => 7 is prime
2021-02-22 10:24:55.150 +02:00 [INF] Executed endpoint '/primes/{number:int} HTTP: GET'
2021-02-22 10:24:55.162 +02:00 [INF] Request finished in 31.742ms 200 
2021-02-22 10:24:55.167 +02:00 [INF] Request starting HTTP/1.1 GET http://localhost:5000/primes/9  
2021-02-22 10:24:55.174 +02:00 [INF] Executing endpoint '/primes/{number:int} HTTP: GET'
2021-02-22 10:24:55.181 +02:00 [INF] Get parameter from "/primes/9
2021-02-22 10:24:55.185 +02:00 [INF] 404 code. Status: NotFound, a number => 9 isn't prime
2021-02-22 10:24:55.190 +02:00 [INF] Executed endpoint '/primes/{number:int} HTTP: GET'
2021-02-22 10:24:55.202 +02:00 [INF] Request finished in 34.2635ms 404 
2021-02-22 10:24:55.219 +02:00 [INF] Request starting HTTP/1.1 GET http://localhost:5000/primes?from=2&to=8  
2021-02-22 10:24:55.245 +02:00 [INF] Executing endpoint '/primes HTTP: GET'
2021-02-22 10:24:55.272 +02:00 [INF] Get "/primes", getting parametres
2021-02-22 10:24:55.274 +02:00 [INF] Got paramtres form "/primes" => from=2, to=8
2021-02-22 10:24:55.290 +02:00 [INF] Primes: 2 3 5 7
2021-02-22 10:24:55.291 +02:00 [INF] Executed endpoint '/primes HTTP: GET'
2021-02-22 10:24:55.295 +02:00 [INF] Request finished in 76.9882ms 200 
2021-02-22 10:24:55.316 +02:00 [INF] Request starting HTTP/1.1 GET http://localhost:5000/primes?from=-12&to=-1  
2021-02-22 10:24:55.321 +02:00 [INF] Executing endpoint '/primes HTTP: GET'
2021-02-22 10:24:55.327 +02:00 [INF] Get "/primes", getting parametres
2021-02-22 10:24:55.328 +02:00 [INF] Got paramtres form "/primes" => from=-12, to=-1
2021-02-22 10:24:55.330 +02:00 [INF] Primes: 
2021-02-22 10:24:55.333 +02:00 [INF] Executed endpoint '/primes HTTP: GET'
2021-02-22 10:24:55.335 +02:00 [INF] Request finished in 19.2315ms 200 
2021-02-22 10:24:55.338 +02:00 [INF] Request starting HTTP/1.1 GET http://localhost:5000/primes?to=sfdsg  
2021-02-22 10:24:55.341 +02:00 [INF] Executing endpoint '/primes HTTP: GET'
2021-02-22 10:24:55.344 +02:00 [INF] Get "/primes", getting parametres
2021-02-22 10:24:55.349 +02:00 [INF] 400 code. Status: BadRequest
2021-02-22 10:24:55.350 +02:00 [INF] Executed endpoint '/primes HTTP: GET'
2021-02-22 10:24:55.352 +02:00 [INF] Request finished in 13.82ms 400 
2021-02-22 10:34:43.102 +02:00 [INF] Request starting HTTP/1.1 GET http://localhost:5000/  
2021-02-22 10:34:43.121 +02:00 [INF] Executing endpoint '/ HTTP: GET'
2021-02-22 10:34:43.123 +02:00 [INF] Get "/", printing project info
2021-02-22 10:34:43.125 +02:00 [INF] Executed endpoint '/ HTTP: GET'
2021-02-22 10:34:43.136 +02:00 [INF] Request finished in 33.932ms 200 
2021-02-22 10:34:43.201 +02:00 [INF] Request starting HTTP/1.1 GET http://localhost:5000/primes/7  
2021-02-22 10:34:43.295 +02:00 [INF] Executing endpoint '/primes/{number:int} HTTP: GET'
2021-02-22 10:34:43.334 +02:00 [INF] Get parameter from "/primes/7
2021-02-22 10:34:43.339 +02:00 [INF] 200 code. Status: OK, a number => 7 is prime
2021-02-22 10:34:43.362 +02:00 [INF] Executed endpoint '/primes/{number:int} HTTP: GET'
2021-02-22 10:34:43.373 +02:00 [INF] Request finished in 172.5013ms 200 
2021-02-22 10:34:43.398 +02:00 [INF] Request starting HTTP/1.1 GET http://localhost:5000/primes/9  
2021-02-22 10:34:43.409 +02:00 [INF] Executing endpoint '/primes/{number:int} HTTP: GET'
2021-02-22 10:34:43.547 +02:00 [INF] Get parameter from "/primes/9
2021-02-22 10:34:43.554 +02:00 [INF] 404 code. Status: NotFound, a number => 9 isn't prime
2021-02-22 10:34:43.561 +02:00 [INF] Executed endpoint '/primes/{number:int} HTTP: GET'
2021-02-22 10:34:43.571 +02:00 [INF] Request finished in 173.0733ms 404 
2021-02-22 10:34:43.586 +02:00 [INF] Request starting HTTP/1.1 GET http://localhost:5000/primes?from=2&to=8  
2021-02-22 10:34:43.588 +02:00 [INF] Executing endpoint '/primes HTTP: GET'
2021-02-22 10:34:43.593 +02:00 [INF] Get "/primes", getting parametres
2021-02-22 10:34:43.598 +02:00 [INF] Got paramtres form "/primes" => from=2, to=8
2021-02-22 10:34:43.605 +02:00 [INF] Primes: 2 3 5 7
2021-02-22 10:34:43.610 +02:00 [INF] Executed endpoint '/primes HTTP: GET'
2021-02-22 10:34:43.622 +02:00 [INF] Request finished in 35.234ms 200 
2021-02-22 10:34:43.632 +02:00 [INF] Request starting HTTP/1.1 GET http://localhost:5000/primes?from=-12&to=-1  
2021-02-22 10:34:43.636 +02:00 [INF] Executing endpoint '/primes HTTP: GET'
2021-02-22 10:34:43.640 +02:00 [INF] Get "/primes", getting parametres
2021-02-22 10:34:43.719 +02:00 [INF] Got paramtres form "/primes" => from=-12, to=-1
2021-02-22 10:34:43.728 +02:00 [INF] Primes: 
2021-02-22 10:34:43.736 +02:00 [INF] Executed endpoint '/primes HTTP: GET'
2021-02-22 10:34:43.744 +02:00 [INF] Request finished in 111.9038ms 200 
2021-02-22 10:34:43.773 +02:00 [INF] Request starting HTTP/1.1 GET http://localhost:5000/primes?to=sfdsg  
2021-02-22 10:34:43.776 +02:00 [INF] Executing endpoint '/primes HTTP: GET'
2021-02-22 10:34:43.781 +02:00 [INF] Get "/primes", getting parametres
2021-02-22 10:34:43.784 +02:00 [INF] 400 code. Status: BadRequest
2021-02-22 10:34:43.785 +02:00 [INF] Executed endpoint '/primes HTTP: GET'
2021-02-22 10:34:43.788 +02:00 [INF] Request finished in 14.7222ms 400 
2021-02-22 10:35:27.160 +02:00 [INF] Request starting HTTP/1.1 GET http://localhost:5000/  
2021-02-22 10:35:27.170 +02:00 [INF] Executing endpoint '/ HTTP: GET'
2021-02-22 10:35:27.173 +02:00 [INF] Get "/", printing project info
2021-02-22 10:35:27.183 +02:00 [INF] Executed endpoint '/ HTTP: GET'
2021-02-22 10:35:27.185 +02:00 [INF] Request finished in 25.2165ms 200 
2021-02-22 10:35:27.258 +02:00 [INF] Request starting HTTP/1.1 GET http://localhost:5000/primes/7  
2021-02-22 10:35:27.267 +02:00 [INF] Executing endpoint '/primes/{number:int} HTTP: GET'
2021-02-22 10:35:27.271 +02:00 [INF] Get parameter from "/primes/7
2021-02-22 10:35:27.277 +02:00 [INF] 200 code. Status: OK, a number => 7 is prime
2021-02-22 10:35:27.278 +02:00 [INF] Executed endpoint '/primes/{number:int} HTTP: GET'
2021-02-22 10:35:27.281 +02:00 [INF] Request finished in 22.3215ms 200 
2021-02-22 10:35:27.311 +02:00 [INF] Request starting HTTP/1.1 GET http://localhost:5000/primes/9  
2021-02-22 10:35:27.313 +02:00 [INF] Executing endpoint '/primes/{number:int} HTTP: GET'
2021-02-22 10:35:27.317 +02:00 [INF] Get parameter from "/primes/9
2021-02-22 10:35:27.319 +02:00 [INF] 404 code. Status: NotFound, a number => 9 isn't prime
2021-02-22 10:35:27.322 +02:00 [INF] Executed endpoint '/primes/{number:int} HTTP: GET'
2021-02-22 10:35:27.326 +02:00 [INF] Request finished in 15.2038ms 404 
2021-02-22 10:35:27.329 +02:00 [INF] Request starting HTTP/1.1 GET http://localhost:5000/primes?from=2&to=8  
2021-02-22 10:35:27.332 +02:00 [INF] Executing endpoint '/primes HTTP: GET'
2021-02-22 10:35:27.335 +02:00 [INF] Get "/primes", getting parametres
2021-02-22 10:35:27.337 +02:00 [INF] Got paramtres form "/primes" => from=2, to=8
2021-02-22 10:35:27.339 +02:00 [INF] Primes: 2 3 5 7
2021-02-22 10:35:27.344 +02:00 [INF] Executed endpoint '/primes HTTP: GET'
2021-02-22 10:35:27.347 +02:00 [INF] Request finished in 18.5155ms 200 
2021-02-22 10:35:27.352 +02:00 [INF] Request starting HTTP/1.1 GET http://localhost:5000/primes?from=-12&to=-1  
2021-02-22 10:35:27.353 +02:00 [INF] Executing endpoint '/primes HTTP: GET'
2021-02-22 10:35:27.356 +02:00 [INF] Get "/primes", getting parametres
2021-02-22 10:35:27.358 +02:00 [INF] Got paramtres form "/primes" => from=-12, to=-1
2021-02-22 10:35:27.360 +02:00 [INF] Primes: 
2021-02-22 10:35:27.364 +02:00 [INF] Executed endpoint '/primes HTTP: GET'
2021-02-22 10:35:27.368 +02:00 [INF] Request finished in 15.579ms 200 
2021-02-22 10:35:27.371 +02:00 [INF] Request starting HTTP/1.1 GET http://localhost:5000/primes?to=sfdsg  
2021-02-22 10:35:27.374 +02:00 [INF] Executing endpoint '/primes HTTP: GET'
2021-02-22 10:35:27.377 +02:00 [INF] Get "/primes", getting parametres
2021-02-22 10:35:27.379 +02:00 [INF] 400 code. Status: BadRequest
2021-02-22 10:35:27.380 +02:00 [INF] Executed endpoint '/primes HTTP: GET'
2021-02-22 10:35:27.384 +02:00 [INF] Request finished in 13.1308ms 400 
2021-02-22 10:38:33.973 +02:00 [INF] Request starting HTTP/1.1 GET http://localhost:5000/  
2021-02-22 10:38:34.005 +02:00 [INF] Executing endpoint '/ HTTP: GET'
2021-02-22 10:38:34.007 +02:00 [INF] Get "/", printing project info
2021-02-22 10:38:34.009 +02:00 [INF] Executed endpoint '/ HTTP: GET'
2021-02-22 10:38:34.014 +02:00 [INF] Request finished in 40.5482ms 200 
2021-02-22 10:38:34.083 +02:00 [INF] Request starting HTTP/1.1 GET http://localhost:5000/primes/7  
2021-02-22 10:38:34.088 +02:00 [INF] Executing endpoint '/primes/{number:int} HTTP: GET'
2021-02-22 10:38:34.141 +02:00 [INF] Get parameter from "/primes/7
2021-02-22 10:38:34.144 +02:00 [INF] 200 code. Status: OK, a number => 7 is prime
2021-02-22 10:38:34.154 +02:00 [INF] Executed endpoint '/primes/{number:int} HTTP: GET'
2021-02-22 10:38:34.159 +02:00 [INF] Request finished in 74.3775ms 200 
2021-02-22 10:38:34.181 +02:00 [INF] Request starting HTTP/1.1 GET http://localhost:5000/primes/9  
2021-02-22 10:38:34.186 +02:00 [INF] Executing endpoint '/primes/{number:int} HTTP: GET'
2021-02-22 10:38:34.199 +02:00 [INF] Get parameter from "/primes/9
2021-02-22 10:38:34.202 +02:00 [INF] 404 code. Status: NotFound, a number => 9 isn't prime
2021-02-22 10:38:34.205 +02:00 [INF] Executed endpoint '/primes/{number:int} HTTP: GET'
2021-02-22 10:38:34.208 +02:00 [INF] Request finished in 26.7127ms 404 
2021-02-22 10:38:34.215 +02:00 [INF] Request starting HTTP/1.1 GET http://localhost:5000/primes?from=2&to=8  
2021-02-22 10:38:34.222 +02:00 [INF] Executing endpoint '/primes HTTP: GET'
2021-02-22 10:38:34.224 +02:00 [INF] Get "/primes", getting parametres
2021-02-22 10:38:34.236 +02:00 [INF] Got paramtres form "/primes" => from=2, to=8
2021-02-22 10:38:34.244 +02:00 [INF] Primes: 2 3 5 7
2021-02-22 10:38:34.248 +02:00 [INF] Executed endpoint '/primes HTTP: GET'
2021-02-22 10:38:34.252 +02:00 [INF] Request finished in 37.535ms 200 
2021-02-22 10:38:34.260 +02:00 [INF] Request starting HTTP/1.1 GET http://localhost:5000/primes?from=-12&to=-1  
2021-02-22 10:38:34.263 +02:00 [INF] Executing endpoint '/primes HTTP: GET'
2021-02-22 10:38:34.269 +02:00 [INF] Get "/primes", getting parametres
2021-02-22 10:38:34.272 +02:00 [INF] Got paramtres form "/primes" => from=-12, to=-1
2021-02-22 10:38:34.280 +02:00 [INF] Primes: 
2021-02-22 10:38:34.286 +02:00 [INF] Executed endpoint '/primes HTTP: GET'
2021-02-22 10:38:34.288 +02:00 [INF] Request finished in 28.8804ms 200 
2021-02-22 10:38:34.309 +02:00 [INF] Request starting HTTP/1.1 GET http://localhost:5000/primes?to=sfdsg  
2021-02-22 10:38:34.317 +02:00 [INF] Executing endpoint '/primes HTTP: GET'
2021-02-22 10:38:34.322 +02:00 [INF] Get "/primes", getting parametres
2021-02-22 10:38:34.326 +02:00 [INF] 400 code. Status: BadRequest
2021-02-22 10:38:34.330 +02:00 [INF] Executed endpoint '/primes HTTP: GET'
2021-02-22 10:38:34.332 +02:00 [INF] Request finished in 22.8501ms 400 
2021-02-22 10:51:05.119 +02:00 [INF] Request starting HTTP/1.1 GET http://localhost:5000/  
2021-02-22 10:51:05.130 +02:00 [INF] Executing endpoint '/ HTTP: GET'
2021-02-22 10:51:05.133 +02:00 [INF] Get "/", printing project info
2021-02-22 10:51:05.137 +02:00 [INF] Executed endpoint '/ HTTP: GET'
2021-02-22 10:51:05.147 +02:00 [INF] Request finished in 28.1798ms 200 
2021-02-22 10:51:05.202 +02:00 [INF] Request starting HTTP/1.1 GET http://localhost:5000/primes/7  
2021-02-22 10:51:05.206 +02:00 [INF] Executing endpoint '/primes/{number:int} HTTP: GET'
2021-02-22 10:51:05.210 +02:00 [INF] Get parameter from "/primes/7
2021-02-22 10:51:05.214 +02:00 [INF] 200 code. Status: OK, a number => 7 is prime
2021-02-22 10:51:05.229 +02:00 [INF] Executed endpoint '/primes/{number:int} HTTP: GET'
2021-02-22 10:51:05.232 +02:00 [INF] Request finished in 30.0734ms 200 
2021-02-22 10:51:05.241 +02:00 [INF] Request starting HTTP/1.1 GET http://localhost:5000/primes/9  
2021-02-22 10:51:05.245 +02:00 [INF] Executing endpoint '/primes/{number:int} HTTP: GET'
2021-02-22 10:51:05.249 +02:00 [INF] Get parameter from "/primes/9
2021-02-22 10:51:05.252 +02:00 [INF] 404 code. Status: NotFound, a number => 9 isn't prime
2021-02-22 10:51:05.255 +02:00 [INF] Executed endpoint '/primes/{number:int} HTTP: GET'
2021-02-22 10:51:05.261 +02:00 [INF] Request finished in 20.5556ms 404 
2021-02-22 10:51:05.272 +02:00 [INF] Request starting HTTP/1.1 GET http://localhost:5000/primes?from=2&to=8  
2021-02-22 10:51:05.276 +02:00 [INF] Executing endpoint '/primes HTTP: GET'
2021-02-22 10:51:05.279 +02:00 [INF] Get "/primes", getting parametres
2021-02-22 10:51:05.280 +02:00 [INF] Got paramtres form "/primes" => from=2, to=8
2021-02-22 10:51:05.283 +02:00 [INF] Primes: 2 3 5 7
2021-02-22 10:51:05.287 +02:00 [INF] Executed endpoint '/primes HTTP: GET'
2021-02-22 10:51:05.290 +02:00 [INF] Request finished in 17.5765ms 200 
2021-02-22 10:51:05.294 +02:00 [INF] Request starting HTTP/1.1 GET http://localhost:5000/primes?from=-12&to=-1  
2021-02-22 10:51:05.297 +02:00 [INF] Executing endpoint '/primes HTTP: GET'
2021-02-22 10:51:05.310 +02:00 [INF] Get "/primes", getting parametres
2021-02-22 10:51:05.311 +02:00 [INF] Got paramtres form "/primes" => from=-12, to=-1
2021-02-22 10:51:05.314 +02:00 [INF] Primes: 
2021-02-22 10:51:05.319 +02:00 [INF] Executed endpoint '/primes HTTP: GET'
2021-02-22 10:51:05.321 +02:00 [INF] Request finished in 27.4092ms 200 
2021-02-22 10:51:05.324 +02:00 [INF] Request starting HTTP/1.1 GET http://localhost:5000/primes?to=sfdsg  
2021-02-22 10:51:05.333 +02:00 [INF] Executing endpoint '/primes HTTP: GET'
2021-02-22 10:51:05.339 +02:00 [INF] Get "/primes", getting parametres
2021-02-22 10:51:05.342 +02:00 [INF] 400 code. Status: BadRequest
2021-02-22 10:51:05.343 +02:00 [INF] Executed endpoint '/primes HTTP: GET'
2021-02-22 10:51:05.345 +02:00 [INF] Request finished in 20.6347ms 400 
2021-02-22 10:53:18.890 +02:00 [INF] Application is shutting down...
2021-02-22 11:02:55.062 +02:00 [INF] Now listening on: http://localhost:5000
2021-02-22 11:02:55.130 +02:00 [INF] Application started. Press Ctrl+C to shut down.
2021-02-22 11:02:55.133 +02:00 [INF] Hosting environment: Development
2021-02-22 11:02:55.137 +02:00 [INF] Content root path: C:\Users\Dennis\source\PMAcademy\HW-9\WebApplication\WebApplication
2021-02-22 11:02:56.318 +02:00 [INF] Request starting HTTP/1.1 GET http://localhost:5000/  
2021-02-22 11:02:56.409 +02:00 [INF] Executing endpoint '/ HTTP: GET'
2021-02-22 11:02:56.430 +02:00 [INF] Get "/", printing project info
2021-02-22 11:02:56.450 +02:00 [INF] Program description: Web prime numbers, made by Denys Sakadel
2021-02-22 11:02:56.457 +02:00 [INF] Executed endpoint '/ HTTP: GET'
2021-02-22 11:02:56.465 +02:00 [INF] Request finished in 154.8875ms 200 
2021-02-22 11:03:08.686 +02:00 [INF] Request starting HTTP/1.1 GET http://localhost:5000/  
2021-02-22 11:03:08.736 +02:00 [INF] Executing endpoint '/ HTTP: GET'
2021-02-22 11:03:08.758 +02:00 [INF] Get "/", printing project info
2021-02-22 11:03:08.762 +02:00 [INF] Program description: Web prime numbers, made by Denys Sakadel
2021-02-22 11:03:08.767 +02:00 [INF] Executed endpoint '/ HTTP: GET'
2021-02-22 11:03:08.771 +02:00 [INF] Request finished in 85.3924ms 200 
2021-02-22 11:03:08.985 +02:00 [INF] Request starting HTTP/1.1 GET http://localhost:5000/primes/7  
2021-02-22 11:03:09.009 +02:00 [INF] Executing endpoint '/primes/{number:int} HTTP: GET'
2021-02-22 11:03:09.021 +02:00 [INF] Get parameter from "/primes/7
2021-02-22 11:03:09.025 +02:00 [INF] 200 code. Status: OK, a number => 7 is prime
2021-02-22 11:03:09.028 +02:00 [INF] Executed endpoint '/primes/{number:int} HTTP: GET'
2021-02-22 11:03:09.030 +02:00 [INF] Request finished in 44.7794ms 200 
2021-02-22 11:03:09.037 +02:00 [INF] Request starting HTTP/1.1 GET http://localhost:5000/primes/9  
2021-02-22 11:03:09.039 +02:00 [INF] Executing endpoint '/primes/{number:int} HTTP: GET'
2021-02-22 11:03:09.040 +02:00 [INF] Get parameter from "/primes/9
2021-02-22 11:03:09.042 +02:00 [INF] 404 code. Status: NotFound, a number => 9 isn't prime
2021-02-22 11:03:09.044 +02:00 [INF] Executed endpoint '/primes/{number:int} HTTP: GET'
2021-02-22 11:03:09.045 +02:00 [INF] Request finished in 8.5587ms 404 
2021-02-22 11:03:09.055 +02:00 [INF] Request starting HTTP/1.1 GET http://localhost:5000/primes?from=2&to=8  
2021-02-22 11:03:09.057 +02:00 [INF] Executing endpoint '/primes HTTP: GET'
2021-02-22 11:03:09.066 +02:00 [INF] Get "/primes", getting parametres
2021-02-22 11:03:09.068 +02:00 [INF] Got paramtres form "/primes" => from=2, to=8
2021-02-22 11:03:09.084 +02:00 [INF] Primes: 2 3 5 7
2021-02-22 11:03:09.087 +02:00 [INF] Executed endpoint '/primes HTTP: GET'
2021-02-22 11:03:09.090 +02:00 [INF] Request finished in 35.1088ms 200 
2021-02-22 11:03:09.097 +02:00 [INF] Request starting HTTP/1.1 GET http://localhost:5000/primes?from=-12&to=-1  
2021-02-22 11:03:09.100 +02:00 [INF] Executing endpoint '/primes HTTP: GET'
2021-02-22 11:03:09.102 +02:00 [INF] Get "/primes", getting parametres
2021-02-22 11:03:09.107 +02:00 [INF] Got paramtres form "/primes" => from=-12, to=-1
2021-02-22 11:03:09.109 +02:00 [INF] Primes: 
2021-02-22 11:03:09.113 +02:00 [INF] Executed endpoint '/primes HTTP: GET'
2021-02-22 11:03:09.118 +02:00 [INF] Request finished in 20.9061ms 200 
2021-02-22 11:03:09.122 +02:00 [INF] Request starting HTTP/1.1 GET http://localhost:5000/primes?to=sfdsg  
2021-02-22 11:03:09.123 +02:00 [INF] Executing endpoint '/primes HTTP: GET'
2021-02-22 11:03:09.166 +02:00 [INF] Get "/primes", getting parametres
2021-02-22 11:03:09.203 +02:00 [INF] 400 code. Status: BadRequest
2021-02-22 11:03:09.230 +02:00 [INF] Executed endpoint '/primes HTTP: GET'
2021-02-22 11:03:09.253 +02:00 [INF] Request finished in 131.5895ms 400 
2021-02-22 11:03:37.638 +02:00 [INF] Application is shutting down...
2021-03-01 19:48:18.644 +02:00 [INF] Now listening on: http://localhost:5000
2021-03-01 19:48:18.860 +02:00 [INF] Application started. Press Ctrl+C to shut down.
2021-03-01 19:48:18.861 +02:00 [INF] Hosting environment: Development
2021-03-01 19:48:18.863 +02:00 [INF] Content root path: C:\Users\Dennis\source\PMAcademy\HW-10\WebApplication\WebApplication
2021-03-01 19:48:19.664 +02:00 [INF] Request starting HTTP/1.1 GET http://localhost:5000/  
2021-03-01 19:48:19.792 +02:00 [INF] Request finished in 134.1683ms 404 
2021-03-01 19:49:15.097 +02:00 [INF] Request starting HTTP/1.1 GET http://localhost:5000/  
2021-03-01 19:49:15.144 +02:00 [INF] Request finished in 47.2551ms 404 
2021-03-01 19:49:15.871 +02:00 [INF] Request starting HTTP/1.1 GET http://localhost:5000/primes/7  
2021-03-01 19:49:15.895 +02:00 [INF] Executing endpoint 'WebApplication.Controllers.PrimeFinderController.CheckNumberIfPrime (WebApplication)'
2021-03-01 19:49:16.141 +02:00 [INF] Route matched with {action = "CheckNumberIfPrime", controller = "PrimeFinder"}. Executing controller action with signature Microsoft.AspNetCore.Mvc.IActionResult CheckNumberIfPrime(Int32) on controller WebApplication.Controllers.PrimeFinderController (WebApplication).
2021-03-01 19:49:16.195 +02:00 [INF] Get parameter from "/primes/7
2021-03-01 19:49:16.201 +02:00 [INF] 200 code. Status: OK, a number => 7 is prime
2021-03-01 19:49:16.209 +02:00 [INF] Executing ObjectResult, writing value of type 'System.String'.
2021-03-01 19:49:16.238 +02:00 [INF] Executed action WebApplication.Controllers.PrimeFinderController.CheckNumberIfPrime (WebApplication) in 61.916ms
2021-03-01 19:49:16.367 +02:00 [INF] Executed endpoint 'WebApplication.Controllers.PrimeFinderController.CheckNumberIfPrime (WebApplication)'
2021-03-01 19:49:16.370 +02:00 [INF] Request finished in 499.3578ms 200 text/plain; charset=utf-8
2021-03-01 19:49:16.387 +02:00 [INF] Request starting HTTP/1.1 GET http://localhost:5000/primes/9  
2021-03-01 19:49:16.392 +02:00 [INF] Executing endpoint 'WebApplication.Controllers.PrimeFinderController.CheckNumberIfPrime (WebApplication)'
2021-03-01 19:49:16.395 +02:00 [INF] Route matched with {action = "CheckNumberIfPrime", controller = "PrimeFinder"}. Executing controller action with signature Microsoft.AspNetCore.Mvc.IActionResult CheckNumberIfPrime(Int32) on controller WebApplication.Controllers.PrimeFinderController (WebApplication).
2021-03-01 19:49:16.404 +02:00 [INF] Get parameter from "/primes/9
2021-03-01 19:49:16.413 +02:00 [INF] 404 code. Status: NotFound, a number => 9 isn't prime
2021-03-01 19:49:16.424 +02:00 [INF] Executing ObjectResult, writing value of type 'Microsoft.AspNetCore.Mvc.ProblemDetails'.
2021-03-01 19:49:16.665 +02:00 [INF] Executed action WebApplication.Controllers.PrimeFinderController.CheckNumberIfPrime (WebApplication) in 262.1119ms
2021-03-01 19:49:16.672 +02:00 [INF] Executed endpoint 'WebApplication.Controllers.PrimeFinderController.CheckNumberIfPrime (WebApplication)'
2021-03-01 19:49:16.673 +02:00 [INF] Request finished in 286.4814ms 404 application/problem+json; charset=utf-8
2021-03-01 19:49:16.706 +02:00 [INF] Request starting HTTP/1.1 GET http://localhost:5000/primes?from=2&to=8  
2021-03-01 19:49:16.713 +02:00 [INF] Executing endpoint 'WebApplication.Controllers.PrimeFinderController.GetPrimes (WebApplication)'
2021-03-01 19:49:16.718 +02:00 [INF] Route matched with {action = "GetPrimes", controller = "PrimeFinder"}. Executing controller action with signature Microsoft.AspNetCore.Mvc.IActionResult GetPrimes(System.Nullable`1[System.Int32], System.Nullable`1[System.Int32]) on controller WebApplication.Controllers.PrimeFinderController (WebApplication).
2021-03-01 19:49:16.728 +02:00 [INF] Get "/primes", getting parametres
2021-03-01 19:49:16.730 +02:00 [INF] Got paramtres form "/primes" => from=2, to=8
2021-03-01 19:49:16.740 +02:00 [INF] Primes: 
2021-03-01 19:49:16.786 +02:00 [INF] 2 3 5 7
2021-03-01 19:49:16.809 +02:00 [INF] Executing ObjectResult, writing value of type 'System.String'.
2021-03-01 19:49:16.820 +02:00 [INF] Executed action WebApplication.Controllers.PrimeFinderController.GetPrimes (WebApplication) in 98.3108ms
2021-03-01 19:49:16.826 +02:00 [INF] Executed endpoint 'WebApplication.Controllers.PrimeFinderController.GetPrimes (WebApplication)'
2021-03-01 19:49:16.827 +02:00 [INF] Request finished in 121.0263ms 200 text/plain; charset=utf-8
2021-03-01 19:49:16.831 +02:00 [INF] Request starting HTTP/1.1 GET http://localhost:5000/primes?from=-12&to=-1  
2021-03-01 19:49:16.832 +02:00 [INF] Executing endpoint 'WebApplication.Controllers.PrimeFinderController.GetPrimes (WebApplication)'
2021-03-01 19:49:16.834 +02:00 [INF] Route matched with {action = "GetPrimes", controller = "PrimeFinder"}. Executing controller action with signature Microsoft.AspNetCore.Mvc.IActionResult GetPrimes(System.Nullable`1[System.Int32], System.Nullable`1[System.Int32]) on controller WebApplication.Controllers.PrimeFinderController (WebApplication).
2021-03-01 19:49:16.840 +02:00 [INF] Get "/primes", getting parametres
2021-03-01 19:49:16.841 +02:00 [INF] Got paramtres form "/primes" => from=-12, to=-1
2021-03-01 19:49:16.842 +02:00 [INF] Primes: 
2021-03-01 19:49:16.844 +02:00 [INF] 
2021-03-01 19:49:16.845 +02:00 [INF] Executing ObjectResult, writing value of type 'System.String'.
2021-03-01 19:49:16.847 +02:00 [INF] Executed action WebApplication.Controllers.PrimeFinderController.GetPrimes (WebApplication) in 7.5371ms
2021-03-01 19:49:16.849 +02:00 [INF] Executed endpoint 'WebApplication.Controllers.PrimeFinderController.GetPrimes (WebApplication)'
2021-03-01 19:49:16.853 +02:00 [INF] Request finished in 22.3237ms 200 text/plain; charset=utf-8
2021-03-01 19:49:16.856 +02:00 [INF] Request starting HTTP/1.1 GET http://localhost:5000/primes?to=sfdsg  
2021-03-01 19:49:16.857 +02:00 [INF] Executing endpoint 'WebApplication.Controllers.PrimeFinderController.GetPrimes (WebApplication)'
2021-03-01 19:49:16.859 +02:00 [INF] Route matched with {action = "GetPrimes", controller = "PrimeFinder"}. Executing controller action with signature Microsoft.AspNetCore.Mvc.IActionResult GetPrimes(System.Nullable`1[System.Int32], System.Nullable`1[System.Int32]) on controller WebApplication.Controllers.PrimeFinderController (WebApplication).
2021-03-01 19:49:16.879 +02:00 [INF] Executing ObjectResult, writing value of type 'Microsoft.AspNetCore.Mvc.ValidationProblemDetails'.
2021-03-01 19:49:16.883 +02:00 [INF] Executed action WebApplication.Controllers.PrimeFinderController.GetPrimes (WebApplication) in 19.7407ms
2021-03-01 19:49:16.885 +02:00 [INF] Executed endpoint 'WebApplication.Controllers.PrimeFinderController.GetPrimes (WebApplication)'
2021-03-01 19:49:16.887 +02:00 [INF] Request finished in 31.2514ms 400 application/problem+json; charset=utf-8
2021-03-01 19:52:14.941 +02:00 [INF] Now listening on: http://localhost:5000
2021-03-01 19:52:14.988 +02:00 [INF] Application started. Press Ctrl+C to shut down.
2021-03-01 19:52:14.990 +02:00 [INF] Hosting environment: Development
2021-03-01 19:52:14.991 +02:00 [INF] Content root path: C:\Users\Dennis\source\PMAcademy\HW-10\WebApplication\WebApplication
2021-03-01 19:52:16.708 +02:00 [INF] Request starting HTTP/1.1 GET http://localhost:5000/  
2021-03-01 19:52:16.793 +02:00 [INF] Executing endpoint 'WebApplication.Controllers.ProgramInfoController.Index (WebApplication)'
2021-03-01 19:52:16.898 +02:00 [INF] Route matched with {action = "Index", controller = "ProgramInfo"}. Executing controller action with signature Microsoft.AspNetCore.Mvc.ActionResult`1[System.String] Index() on controller WebApplication.Controllers.ProgramInfoController (WebApplication).
2021-03-01 19:52:16.906 +02:00 [INF] Get "/", printing project info
2021-03-01 19:52:16.907 +02:00 [INF] Program description: Web prime numbers, made by Denys Sakadel
2021-03-01 19:52:16.913 +02:00 [INF] Executing ObjectResult, writing value of type 'System.String'.
2021-03-01 19:52:16.942 +02:00 [INF] Executed action WebApplication.Controllers.ProgramInfoController.Index (WebApplication) in 22.2739ms
2021-03-01 19:52:16.949 +02:00 [INF] Executed endpoint 'WebApplication.Controllers.ProgramInfoController.Index (WebApplication)'
2021-03-01 19:52:16.952 +02:00 [INF] Request finished in 252.2451ms 200 text/plain; charset=utf-8
2021-03-01 19:52:17.727 +02:00 [INF] Request starting HTTP/1.1 GET http://localhost:5000/favicon.ico  
2021-03-01 19:52:17.730 +02:00 [INF] Request finished in 3.2164ms 404 
2021-03-01 19:52:37.531 +02:00 [INF] Request starting HTTP/1.1 GET http://localhost:5000/  
2021-03-01 19:52:37.542 +02:00 [INF] Executing endpoint 'WebApplication.Controllers.ProgramInfoController.Index (WebApplication)'
2021-03-01 19:52:37.545 +02:00 [INF] Route matched with {action = "Index", controller = "ProgramInfo"}. Executing controller action with signature Microsoft.AspNetCore.Mvc.ActionResult`1[System.String] Index() on controller WebApplication.Controllers.ProgramInfoController (WebApplication).
2021-03-01 19:52:37.549 +02:00 [INF] Get "/", printing project info
2021-03-01 19:52:37.550 +02:00 [INF] Program description: Web prime numbers, made by Denys Sakadel
2021-03-01 19:52:37.552 +02:00 [INF] Executing ObjectResult, writing value of type 'System.String'.
2021-03-01 19:52:37.554 +02:00 [INF] Executed action WebApplication.Controllers.ProgramInfoController.Index (WebApplication) in 5.5336ms
2021-03-01 19:52:37.561 +02:00 [INF] Executed endpoint 'WebApplication.Controllers.ProgramInfoController.Index (WebApplication)'
2021-03-01 19:52:37.564 +02:00 [INF] Request finished in 34.49ms 200 text/plain; charset=utf-8
2021-03-01 19:52:37.643 +02:00 [INF] Request starting HTTP/1.1 GET http://localhost:5000/primes/7  
2021-03-01 19:52:37.675 +02:00 [INF] Executing endpoint 'WebApplication.Controllers.PrimeFinderController.CheckNumberIfPrime (WebApplication)'
2021-03-01 19:52:37.735 +02:00 [INF] Route matched with {action = "CheckNumberIfPrime", controller = "PrimeFinder"}. Executing controller action with signature Microsoft.AspNetCore.Mvc.IActionResult CheckNumberIfPrime(Int32) on controller WebApplication.Controllers.PrimeFinderController (WebApplication).
2021-03-01 19:52:37.771 +02:00 [INF] Get parameter from "/primes/7
2021-03-01 19:52:37.774 +02:00 [INF] 200 code. Status: OK, a number => 7 is prime
2021-03-01 19:52:37.776 +02:00 [INF] Executing ObjectResult, writing value of type 'System.String'.
2021-03-01 19:52:37.779 +02:00 [INF] Executed action WebApplication.Controllers.PrimeFinderController.CheckNumberIfPrime (WebApplication) in 34.706ms
2021-03-01 19:52:37.787 +02:00 [INF] Executed endpoint 'WebApplication.Controllers.PrimeFinderController.CheckNumberIfPrime (WebApplication)'
2021-03-01 19:52:37.794 +02:00 [INF] Request finished in 151.9148ms 200 text/plain; charset=utf-8
2021-03-01 19:52:37.807 +02:00 [INF] Request starting HTTP/1.1 GET http://localhost:5000/primes/9  
2021-03-01 19:52:37.809 +02:00 [INF] Executing endpoint 'WebApplication.Controllers.PrimeFinderController.CheckNumberIfPrime (WebApplication)'
2021-03-01 19:52:37.813 +02:00 [INF] Route matched with {action = "CheckNumberIfPrime", controller = "PrimeFinder"}. Executing controller action with signature Microsoft.AspNetCore.Mvc.IActionResult CheckNumberIfPrime(Int32) on controller WebApplication.Controllers.PrimeFinderController (WebApplication).
2021-03-01 19:52:37.819 +02:00 [INF] Get parameter from "/primes/9
2021-03-01 19:52:37.822 +02:00 [INF] 404 code. Status: NotFound, a number => 9 isn't prime
2021-03-01 19:52:37.825 +02:00 [INF] Executing ObjectResult, writing value of type 'Microsoft.AspNetCore.Mvc.ProblemDetails'.
2021-03-01 19:52:37.843 +02:00 [INF] Executed action WebApplication.Controllers.PrimeFinderController.CheckNumberIfPrime (WebApplication) in 25.379ms
2021-03-01 19:52:37.852 +02:00 [INF] Executed endpoint 'WebApplication.Controllers.PrimeFinderController.CheckNumberIfPrime (WebApplication)'
2021-03-01 19:52:37.860 +02:00 [INF] Request finished in 53.5579ms 404 application/problem+json; charset=utf-8
2021-03-01 19:52:37.866 +02:00 [INF] Request starting HTTP/1.1 GET http://localhost:5000/primes?from=2&to=8  
2021-03-01 19:52:37.871 +02:00 [INF] Executing endpoint 'WebApplication.Controllers.PrimeFinderController.GetPrimes (WebApplication)'
2021-03-01 19:52:37.889 +02:00 [INF] Route matched with {action = "GetPrimes", controller = "PrimeFinder"}. Executing controller action with signature Microsoft.AspNetCore.Mvc.IActionResult GetPrimes(System.Nullable`1[System.Int32], System.Nullable`1[System.Int32]) on controller WebApplication.Controllers.PrimeFinderController (WebApplication).
2021-03-01 19:52:37.913 +02:00 [INF] Get "/primes", getting parametres
2021-03-01 19:52:37.919 +02:00 [INF] Got paramtres form "/primes" => from=2, to=8
2021-03-01 19:52:37.933 +02:00 [INF] Primes: 
2021-03-01 19:52:37.935 +02:00 [INF] 2 3 5 7
2021-03-01 19:52:37.937 +02:00 [INF] Executing ObjectResult, writing value of type 'System.String'.
2021-03-01 19:52:37.939 +02:00 [INF] Executed action WebApplication.Controllers.PrimeFinderController.GetPrimes (WebApplication) in 33.1831ms
2021-03-01 19:52:37.942 +02:00 [INF] Executed endpoint 'WebApplication.Controllers.PrimeFinderController.GetPrimes (WebApplication)'
2021-03-01 19:52:37.946 +02:00 [INF] Request finished in 80.6341ms 200 text/plain; charset=utf-8
2021-03-01 19:52:37.950 +02:00 [INF] Request starting HTTP/1.1 GET http://localhost:5000/primes?from=-12&to=-1  
2021-03-01 19:52:37.951 +02:00 [INF] Executing endpoint 'WebApplication.Controllers.PrimeFinderController.GetPrimes (WebApplication)'
2021-03-01 19:52:37.953 +02:00 [INF] Route matched with {action = "GetPrimes", controller = "PrimeFinder"}. Executing controller action with signature Microsoft.AspNetCore.Mvc.IActionResult GetPrimes(System.Nullable`1[System.Int32], System.Nullable`1[System.Int32]) on controller WebApplication.Controllers.PrimeFinderController (WebApplication).
2021-03-01 19:52:37.962 +02:00 [INF] Get "/primes", getting parametres
2021-03-01 19:52:37.965 +02:00 [INF] Got paramtres form "/primes" => from=-12, to=-1
2021-03-01 19:52:37.967 +02:00 [INF] Primes: 
2021-03-01 19:52:37.969 +02:00 [INF] 
2021-03-01 19:52:37.970 +02:00 [INF] Executing ObjectResult, writing value of type 'System.String'.
2021-03-01 19:52:37.972 +02:00 [INF] Executed action WebApplication.Controllers.PrimeFinderController.GetPrimes (WebApplication) in 10.049ms
2021-03-01 19:52:37.978 +02:00 [INF] Executed endpoint 'WebApplication.Controllers.PrimeFinderController.GetPrimes (WebApplication)'
2021-03-01 19:52:37.980 +02:00 [INF] Request finished in 30.1218ms 200 text/plain; charset=utf-8
2021-03-01 19:52:37.983 +02:00 [INF] Request starting HTTP/1.1 GET http://localhost:5000/primes?to=sfdsg  
2021-03-01 19:52:37.985 +02:00 [INF] Executing endpoint 'WebApplication.Controllers.PrimeFinderController.GetPrimes (WebApplication)'
2021-03-01 19:52:37.988 +02:00 [INF] Route matched with {action = "GetPrimes", controller = "PrimeFinder"}. Executing controller action with signature Microsoft.AspNetCore.Mvc.IActionResult GetPrimes(System.Nullable`1[System.Int32], System.Nullable`1[System.Int32]) on controller WebApplication.Controllers.PrimeFinderController (WebApplication).
2021-03-01 19:52:37.998 +02:00 [INF] Executing ObjectResult, writing value of type 'Microsoft.AspNetCore.Mvc.ValidationProblemDetails'.
2021-03-01 19:52:38.001 +02:00 [INF] Executed action WebApplication.Controllers.PrimeFinderController.GetPrimes (WebApplication) in 6.3537ms
2021-03-01 19:52:38.005 +02:00 [INF] Executed endpoint 'WebApplication.Controllers.PrimeFinderController.GetPrimes (WebApplication)'
2021-03-01 19:52:38.007 +02:00 [INF] Request finished in 24.6983ms 400 application/problem+json; charset=utf-8
2021-03-01 19:53:02.626 +02:00 [INF] Application is shutting down...
2021-03-01 20:08:42.314 +02:00 [INF] Now listening on: http://localhost:5000
2021-03-01 20:08:42.392 +02:00 [INF] Application started. Press Ctrl+C to shut down.
2021-03-01 20:08:42.394 +02:00 [INF] Hosting environment: Development
2021-03-01 20:08:42.398 +02:00 [INF] Content root path: C:\Users\Dennis\source\PMAcademy\HW-10\WebApplication\WebApplication
2021-03-01 20:08:45.099 +02:00 [INF] Request starting HTTP/1.1 GET http://localhost:5000/  
2021-03-01 20:08:45.332 +02:00 [INF] Executing endpoint 'WebApplication.Controllers.StatusController.Index (WebApplication)'
2021-03-01 20:08:45.585 +02:00 [INF] Route matched with {action = "Index", controller = "Status"}. Executing controller action with signature Microsoft.AspNetCore.Mvc.ActionResult`1[System.String] Index() on controller WebApplication.Controllers.StatusController (WebApplication).
2021-03-01 20:08:45.594 +02:00 [INF] Get "/", printing project info
2021-03-01 20:08:45.595 +02:00 [INF] Program description: Web prime numbers, made by Denys Sakadel
2021-03-01 20:08:45.607 +02:00 [INF] Executing ObjectResult, writing value of type 'System.String'.
2021-03-01 20:08:45.641 +02:00 [INF] Executed action WebApplication.Controllers.StatusController.Index (WebApplication) in 36.7187ms
2021-03-01 20:08:45.648 +02:00 [INF] Executed endpoint 'WebApplication.Controllers.StatusController.Index (WebApplication)'
2021-03-01 20:08:45.655 +02:00 [INF] Request finished in 563.6325ms 200 text/plain; charset=utf-8
2021-03-01 20:09:20.322 +02:00 [INF] Request starting HTTP/1.1 GET http://localhost:5000/  
2021-03-01 20:09:20.336 +02:00 [INF] Executing endpoint 'WebApplication.Controllers.StatusController.Index (WebApplication)'
2021-03-01 20:09:20.342 +02:00 [INF] Route matched with {action = "Index", controller = "Status"}. Executing controller action with signature Microsoft.AspNetCore.Mvc.ActionResult`1[System.String] Index() on controller WebApplication.Controllers.StatusController (WebApplication).
2021-03-01 20:09:20.346 +02:00 [INF] Get "/", printing project info
2021-03-01 20:09:20.347 +02:00 [INF] Program description: Web prime numbers, made by Denys Sakadel
2021-03-01 20:09:20.371 +02:00 [INF] Executing ObjectResult, writing value of type 'System.String'.
2021-03-01 20:09:20.395 +02:00 [INF] Executed action WebApplication.Controllers.StatusController.Index (WebApplication) in 49.9289ms
2021-03-01 20:09:20.457 +02:00 [INF] Executed endpoint 'WebApplication.Controllers.StatusController.Index (WebApplication)'
2021-03-01 20:09:20.472 +02:00 [INF] Request finished in 150.7714ms 200 text/plain; charset=utf-8
2021-03-01 20:09:20.517 +02:00 [INF] Request starting HTTP/1.1 GET http://localhost:5000/primes/7  
2021-03-01 20:09:20.520 +02:00 [INF] Executing endpoint 'WebApplication.Controllers.PrimesController.CheckNumberIsPrime (WebApplication)'
2021-03-01 20:09:20.548 +02:00 [INF] Route matched with {action = "CheckNumberIsPrime", controller = "Primes"}. Executing controller action with signature Microsoft.AspNetCore.Mvc.IActionResult CheckNumberIsPrime(Int32) on controller WebApplication.Controllers.PrimesController (WebApplication).
2021-03-01 20:09:20.579 +02:00 [INF] Get parameter from "/primes/7
2021-03-01 20:09:20.583 +02:00 [INF] 200 code. Status: OK, a number => 7 is prime
2021-03-01 20:09:20.585 +02:00 [INF] Executing ObjectResult, writing value of type 'System.String'.
2021-03-01 20:09:20.587 +02:00 [INF] Executed action WebApplication.Controllers.PrimesController.CheckNumberIsPrime (WebApplication) in 34.8466ms
2021-03-01 20:09:20.592 +02:00 [INF] Executed endpoint 'WebApplication.Controllers.PrimesController.CheckNumberIsPrime (WebApplication)'
2021-03-01 20:09:20.596 +02:00 [INF] Request finished in 79.1217ms 200 text/plain; charset=utf-8
2021-03-01 20:09:20.604 +02:00 [INF] Request starting HTTP/1.1 GET http://localhost:5000/primes/9  
2021-03-01 20:09:20.615 +02:00 [INF] Executing endpoint 'WebApplication.Controllers.PrimesController.CheckNumberIsPrime (WebApplication)'
2021-03-01 20:09:20.625 +02:00 [INF] Route matched with {action = "CheckNumberIsPrime", controller = "Primes"}. Executing controller action with signature Microsoft.AspNetCore.Mvc.IActionResult CheckNumberIsPrime(Int32) on controller WebApplication.Controllers.PrimesController (WebApplication).
2021-03-01 20:09:20.634 +02:00 [INF] Get parameter from "/primes/9
2021-03-01 20:09:20.636 +02:00 [INF] 404 code. Status: NotFound, a number => 9 isn't prime
2021-03-01 20:09:20.641 +02:00 [INF] Executing ObjectResult, writing value of type 'Microsoft.AspNetCore.Mvc.ProblemDetails'.
2021-03-01 20:09:20.664 +02:00 [INF] Executed action WebApplication.Controllers.PrimesController.CheckNumberIsPrime (WebApplication) in 31.427ms
2021-03-01 20:09:20.668 +02:00 [INF] Executed endpoint 'WebApplication.Controllers.PrimesController.CheckNumberIsPrime (WebApplication)'
2021-03-01 20:09:20.670 +02:00 [INF] Request finished in 66.6487ms 404 application/problem+json; charset=utf-8
2021-03-01 20:09:20.674 +02:00 [INF] Request starting HTTP/1.1 GET http://localhost:5000/primes?from=2&to=8  
2021-03-01 20:09:20.676 +02:00 [INF] Executing endpoint 'WebApplication.Controllers.PrimesController.GetPrimes (WebApplication)'
2021-03-01 20:09:20.682 +02:00 [INF] Route matched with {action = "GetPrimes", controller = "Primes"}. Executing controller action with signature Microsoft.AspNetCore.Mvc.IActionResult GetPrimes(System.Nullable`1[System.Int32], System.Nullable`1[System.Int32]) on controller WebApplication.Controllers.PrimesController (WebApplication).
2021-03-01 20:09:20.700 +02:00 [INF] Get "/primes", getting parametres
2021-03-01 20:09:20.702 +02:00 [INF] Got paramtres form "/primes" => from=2, to=8
2021-03-01 20:09:20.711 +02:00 [INF] Primes: 
2021-03-01 20:09:20.713 +02:00 [INF] 2 3 5 7
2021-03-01 20:09:20.717 +02:00 [INF] Executing ObjectResult, writing value of type 'System.String'.
2021-03-01 20:09:20.719 +02:00 [INF] Executed action WebApplication.Controllers.PrimesController.GetPrimes (WebApplication) in 25.9494ms
2021-03-01 20:09:20.722 +02:00 [INF] Executed endpoint 'WebApplication.Controllers.PrimesController.GetPrimes (WebApplication)'
2021-03-01 20:09:20.724 +02:00 [INF] Request finished in 50.1793ms 200 text/plain; charset=utf-8
2021-03-01 20:09:20.729 +02:00 [INF] Request starting HTTP/1.1 GET http://localhost:5000/primes?from=-12&to=-1  
2021-03-01 20:09:20.731 +02:00 [INF] Executing endpoint 'WebApplication.Controllers.PrimesController.GetPrimes (WebApplication)'
2021-03-01 20:09:20.734 +02:00 [INF] Route matched with {action = "GetPrimes", controller = "Primes"}. Executing controller action with signature Microsoft.AspNetCore.Mvc.IActionResult GetPrimes(System.Nullable`1[System.Int32], System.Nullable`1[System.Int32]) on controller WebApplication.Controllers.PrimesController (WebApplication).
2021-03-01 20:09:20.742 +02:00 [INF] Get "/primes", getting parametres
2021-03-01 20:09:20.744 +02:00 [INF] Got paramtres form "/primes" => from=-12, to=-1
2021-03-01 20:09:20.746 +02:00 [INF] Primes: 
2021-03-01 20:09:20.749 +02:00 [INF] 
2021-03-01 20:09:20.751 +02:00 [INF] Executing ObjectResult, writing value of type 'System.String'.
2021-03-01 20:09:20.760 +02:00 [INF] Executed action WebApplication.Controllers.PrimesController.GetPrimes (WebApplication) in 17.9214ms
2021-03-01 20:09:20.763 +02:00 [INF] Executed endpoint 'WebApplication.Controllers.PrimesController.GetPrimes (WebApplication)'
2021-03-01 20:09:20.769 +02:00 [INF] Request finished in 39.4132ms 200 text/plain; charset=utf-8
2021-03-01 20:09:20.774 +02:00 [INF] Request starting HTTP/1.1 GET http://localhost:5000/primes?to=sfdsg  
2021-03-01 20:09:20.776 +02:00 [INF] Executing endpoint 'WebApplication.Controllers.PrimesController.GetPrimes (WebApplication)'
2021-03-01 20:09:20.778 +02:00 [INF] Route matched with {action = "GetPrimes", controller = "Primes"}. Executing controller action with signature Microsoft.AspNetCore.Mvc.IActionResult GetPrimes(System.Nullable`1[System.Int32], System.Nullable`1[System.Int32]) on controller WebApplication.Controllers.PrimesController (WebApplication).
2021-03-01 20:09:20.806 +02:00 [INF] Executing ObjectResult, writing value of type 'Microsoft.AspNetCore.Mvc.ValidationProblemDetails'.
2021-03-01 20:09:20.846 +02:00 [INF] Executed action WebApplication.Controllers.PrimesController.GetPrimes (WebApplication) in 60.1401ms
2021-03-01 20:09:20.848 +02:00 [INF] Executed endpoint 'WebApplication.Controllers.PrimesController.GetPrimes (WebApplication)'
2021-03-01 20:09:20.854 +02:00 [INF] Request finished in 80.2453ms 400 application/problem+json; charset=utf-8
